<?xml version="1.0" encoding="UTF-8"?>
<testng-results ignored="0" total="2" passed="2" failed="0" skipped="0">
  <reporter-output>
  </reporter-output>
  <suite started-at="2024-07-16T12:11:03 IST" name="Default suite" finished-at="2024-07-16T12:12:03 IST" duration-ms="59165">
    <groups>
      <group name="cucumber">
        <method signature="AbstractTestNGCucumberTests.runScenario(io.cucumber.testng.PickleWrapper,io.cucumber.testng.FeatureWrapper)[pri:0, instance:StepDefinition.CucumberTestRunner@74e52ef6]" name="runScenario" class="io.cucumber.testng.AbstractTestNGCucumberTests"/>
      </group> <!-- cucumber -->
    </groups>
    <test started-at="2024-07-16T12:11:03 IST" name="Default test" finished-at="2024-07-16T12:12:03 IST" duration-ms="59165">
      <class name="StepDefinition.CucumberTestRunner">
        <test-method is-config="true" signature="setUpClass(org.testng.ITestContext)[pri:0, instance:StepDefinition.CucumberTestRunner@74e52ef6]" started-at="2024-07-16T12:11:03 IST" name="setUpClass" finished-at="2024-07-16T12:11:04 IST" duration-ms="532" status="PASS">
          <params>
            <param index="0">
              <value>
                <![CDATA[org.testng.TestRunner@5d2828c9]]>
              </value>
            </param>
          </params>
          <reporter-output>
          </reporter-output>
        </test-method> <!-- setUpClass -->
        <test-method signature="runScenario(io.cucumber.testng.PickleWrapper,io.cucumber.testng.FeatureWrapper)[pri:0, instance:StepDefinition.CucumberTestRunner@74e52ef6]" started-at="2024-07-16T12:11:04 IST" name="runScenario" description="Runs Cucumber Scenarios" data-provider="scenarios" finished-at="2024-07-16T12:11:46 IST" duration-ms="41795" status="PASS">
          <params>
            <param index="0">
              <value>
                <![CDATA["Checking Completely excluding of Registration Page"]]>
              </value>
            </param>
            <param index="1">
              <value>
                <![CDATA["Login page automation of Room Booking Web application"]]>
              </value>
            </param>
          </params>
          <reporter-output>
          </reporter-output>
        </test-method> <!-- runScenario -->
        <test-method signature="runScenario(io.cucumber.testng.PickleWrapper,io.cucumber.testng.FeatureWrapper)[pri:0, instance:StepDefinition.CucumberTestRunner@74e52ef6]" started-at="2024-07-16T12:11:46 IST" name="runScenario" description="Runs Cucumber Scenarios" data-provider="scenarios" finished-at="2024-07-16T12:12:02 IST" duration-ms="16668" status="PASS">
          <params>
            <param index="0">
              <value>
                <![CDATA["Checking Registration is working with given credentials"]]>
              </value>
            </param>
            <param index="1">
              <value>
                <![CDATA["Checking Registration Page automation of Room Booking application"]]>
              </value>
            </param>
          </params>
          <reporter-output>
          </reporter-output>
        </test-method> <!-- runScenario -->
        <test-method is-config="true" signature="tearDownClass()[pri:0, instance:StepDefinition.CucumberTestRunner@74e52ef6]" started-at="2024-07-16T12:12:02 IST" name="tearDownClass" finished-at="2024-07-16T12:12:03 IST" duration-ms="98" status="PASS">
          <reporter-output>
          </reporter-output>
        </test-method> <!-- tearDownClass -->
      </class> <!-- StepDefinition.CucumberTestRunner -->
    </test> <!-- Default test -->
  </suite> <!-- Default suite -->
</testng-results>
